<?xml version="1.0" encoding="UTF-8"?>
<testng-results skipped="0" failed="0" ignored="0" total="1" passed="1">
  <reporter-output>
  </reporter-output>
  <suite name="Suite" duration-ms="48115" started-at="2020-05-06T05:01:41Z" finished-at="2020-05-06T05:02:29Z">
    <groups>
    </groups>
    <test name="Test" duration-ms="48115" started-at="2020-05-06T05:01:41Z" finished-at="2020-05-06T05:02:29Z">
      <class name="com.qa.WellsFargoPro.DDF_XL">
        <test-method status="PASS" signature="beforeClass()[pri:0, instance:com.qa.WellsFargoPro.DDF_XL@71248c21]" name="beforeClass" is-config="true" duration-ms="14190" started-at="2020-05-06T05:01:41Z" finished-at="2020-05-06T05:01:55Z">
          <reporter-output>
          </reporter-output>
        </test-method> <!-- beforeClass -->
        <test-method status="PASS" signature="f()[pri:0, instance:com.qa.WellsFargoPro.DDF_XL@71248c21]" name="f" duration-ms="33884" started-at="2020-05-06T05:01:55Z" finished-at="2020-05-06T05:02:29Z">
          <reporter-output>
          </reporter-output>
        </test-method> <!-- f -->
        <test-method status="PASS" signature="afterClass()[pri:0, instance:com.qa.WellsFargoPro.DDF_XL@71248c21]" name="afterClass" is-config="true" duration-ms="0" started-at="2020-05-06T05:02:29Z" finished-at="2020-05-06T05:02:29Z">
          <reporter-output>
          </reporter-output>
        </test-method> <!-- afterClass -->
      </class> <!-- com.qa.WellsFargoPro.DDF_XL -->
    </test> <!-- Test -->
  </suite> <!-- Suite -->
</testng-results>
