<?xml version="1.0" encoding="UTF-8"?>
<testng-results skipped="0" failed="0" ignored="0" total="1" passed="1">
  <reporter-output>
  </reporter-output>
  <suite name="Default suite" duration-ms="48732" started-at="2020-05-06T04:52:20Z" finished-at="2020-05-06T04:53:09Z">
    <groups>
    </groups>
    <test name="Default test" duration-ms="48732" started-at="2020-05-06T04:52:20Z" finished-at="2020-05-06T04:53:09Z">
      <class name="com.qa.WellsFargoPro.DDF_XL">
        <test-method status="PASS" signature="beforeClass()[pri:0, instance:com.qa.WellsFargoPro.DDF_XL@29774679]" name="beforeClass" is-config="true" duration-ms="14937" started-at="2020-05-06T04:52:20Z" finished-at="2020-05-06T04:52:35Z">
          <reporter-output>
          </reporter-output>
        </test-method> <!-- beforeClass -->
        <test-method status="PASS" signature="f()[pri:0, instance:com.qa.WellsFargoPro.DDF_XL@29774679]" name="f" duration-ms="33759" started-at="2020-05-06T04:52:35Z" finished-at="2020-05-06T04:53:09Z">
          <reporter-output>
          </reporter-output>
        </test-method> <!-- f -->
        <test-method status="PASS" signature="afterClass()[pri:0, instance:com.qa.WellsFargoPro.DDF_XL@29774679]" name="afterClass" is-config="true" duration-ms="0" started-at="2020-05-06T04:53:09Z" finished-at="2020-05-06T04:53:09Z">
          <reporter-output>
          </reporter-output>
        </test-method> <!-- afterClass -->
      </class> <!-- com.qa.WellsFargoPro.DDF_XL -->
    </test> <!-- Default test -->
  </suite> <!-- Default suite -->
</testng-results>
